Start testing: Nov 26 00:44 MSK
----------------------------------------------------------
1/3 Testing: shared_test
1/3 Test: shared_test
Command: "/home/viacheslav/projects/labs_C++/lab1_release/build/test/shared_test"
Directory: /home/viacheslav/projects/labs_C++/lab1_release/build/test
"shared_test" start time: Nov 26 00:44 MSK
Output:
----------------------------------------------------------
Running cxxtest tests (18 tests)..................OK!
<end of output>
Test time =   0.00 sec
----------------------------------------------------------
Test Passed.
"shared_test" end time: Nov 26 00:44 MSK
"shared_test" time elapsed: 00:00:00
----------------------------------------------------------

2/3 Testing: weak_test
2/3 Test: weak_test
Command: "/home/viacheslav/projects/labs_C++/lab1_release/build/test/weak_test"
Directory: /home/viacheslav/projects/labs_C++/lab1_release/build/test
"weak_test" start time: Nov 26 00:44 MSK
Output:
----------------------------------------------------------
Running cxxtest tests (18 tests)..................OK!
<end of output>
Test time =   0.00 sec
----------------------------------------------------------
Test Passed.
"weak_test" end time: Nov 26 00:44 MSK
"weak_test" time elapsed: 00:00:00
----------------------------------------------------------

3/3 Testing: unique_test
3/3 Test: unique_test
Command: "/home/viacheslav/projects/labs_C++/lab1_release/build/test/unique_test"
Directory: /home/viacheslav/projects/labs_C++/lab1_release/build/test
"unique_test" start time: Nov 26 00:44 MSK
Output:
----------------------------------------------------------
Running cxxtest tests (14 tests)..............OK!
<end of output>
Test time =   0.00 sec
----------------------------------------------------------
Test Passed.
"unique_test" end time: Nov 26 00:44 MSK
"unique_test" time elapsed: 00:00:00
----------------------------------------------------------

End testing: Nov 26 00:44 MSK
