<?xml version="1.0" encoding="UTF-8"?>
<Site BuildName="Linux-g++"
	BuildStamp="20241122-1054-Experimental"
	Name="viacheslav-Nitro-ANV15-51"
	Generator="ctest-3.28.3"
	CompilerName="/usr/bin/g++"
	CompilerVersion="13.2.0"
	OSName="Linux"
	Hostname="viacheslav-Nitro-ANV15-51"
	OSRelease="6.8.0-48-generic"
	OSVersion="#48-Ubuntu SMP PREEMPT_DYNAMIC Fri Sep 27 14:04:52 UTC 2024"
	OSPlatform="x86_64"
	Is64Bits="1"
	VendorString="GenuineIntel"
	VendorID="Intel Corporation"
	FamilyID="6"
	ModelID="186"
	ProcessorCacheSize="24576"
	NumberOfLogicalCPU="16"
	NumberOfPhysicalCPU="10"
	TotalVirtualMemory="4095"
	TotalPhysicalMemory="15694"
	LogicalProcessorsPerPhysical="1"
	ProcessorClockFrequency="400"
	>
	<Testing>
		<StartDateTime>Nov 22 14:21 MSK</StartDateTime>
		<StartTestTime>1732274469</StartTestTime>
		<TestList/>
		<EndDateTime>Nov 22 14:21 MSK</EndDateTime>
		<EndTestTime>1732274469</EndTestTime>
		<ElapsedMinutes>0</ElapsedMinutes>
	</Testing>
</Site>
